2022-04-24 13:03:16,490 [DEBUG] [main          ] - Result of the play: 
2022-04-24 13:03:16,519 [DEBUG] [main          ] - NADJ won round1
2022-04-24 13:03:16,522 [DEBUG] [main          ] - Score: 
2022-04-24 13:03:16,523 [DEBUG] [main          ] - NADJ: 1
2022-04-24 13:03:16,523 [DEBUG] [main          ] - computer: 0
2022-04-24 13:03:16,524 [DEBUG] [main          ] - NADJ won this game
2022-04-24 13:04:56,386 [DEBUG] [main          ] - Result of the play: 
2022-04-24 13:04:56,395 [DEBUG] [main          ] - It's a draw, let's make another round
2022-04-24 13:05:03,976 [DEBUG] [main          ] - Result of the play: 
2022-04-24 13:05:03,976 [DEBUG] [main          ] - It's a draw, let's make another round
2022-04-24 13:05:05,564 [DEBUG] [main          ] - Result of the play: 
2022-04-24 13:05:05,593 [DEBUG] [main          ] - NADJA won round1
2022-04-24 13:05:05,595 [DEBUG] [main          ] - Score: 
2022-04-24 13:05:05,596 [DEBUG] [main          ] - NADJA: 1
2022-04-24 13:05:05,596 [DEBUG] [main          ] - computer: 0
2022-04-24 13:05:05,598 [DEBUG] [main          ] - NADJA won this game
2022-04-24 13:06:45,395 [DEBUG] [main          ] - Result of the play: 
2022-04-24 13:06:45,422 [DEBUG] [main          ] - computer won round1
2022-04-24 13:06:45,424 [DEBUG] [main          ] - Score: 
2022-04-24 13:06:45,425 [DEBUG] [main          ] - NADJA: 0
2022-04-24 13:06:45,425 [DEBUG] [main          ] - computer: 1
2022-04-24 13:06:45,426 [DEBUG] [main          ] - computer won this game
2022-04-24 13:07:18,062 [DEBUG] [main          ] - Result of the play: 
2022-04-24 13:07:18,072 [DEBUG] [main          ] - It's a draw, let's make another round
2022-04-24 13:07:20,196 [DEBUG] [main          ] - Result of the play: 
2022-04-24 13:07:20,209 [DEBUG] [main          ] - NADJA won round1
2022-04-24 13:07:23,257 [DEBUG] [main          ] - Result of the play: 
2022-04-24 13:07:23,258 [DEBUG] [main          ] - NADJA won round2
2022-04-24 13:07:23,258 [DEBUG] [main          ] - Score: 
2022-04-24 13:07:23,258 [DEBUG] [main          ] - NADJA: 2
2022-04-24 13:07:23,259 [DEBUG] [main          ] - computer: 0
2022-04-24 13:07:23,262 [DEBUG] [main          ] - NADJA won this game
